ERROR - 2023-09-22 15:48:34 --> mysqli_sql_exception: Duplicate entry '0' for key 'usuarios.PRIMARY' in C:\laragon\www\gestortarefas\system\Database\MySQLi\Connection.php:306
Stack trace:
#0 C:\laragon\www\gestortarefas\system\Database\MySQLi\Connection.php(306): mysqli->query('INSERT INTO `us...', 0)
#1 C:\laragon\www\gestortarefas\system\Database\BaseConnection.php(692): CodeIgniter\Database\MySQLi\Connection->execute('INSERT INTO `us...')
#2 C:\laragon\www\gestortarefas\system\Database\BaseConnection.php(606): CodeIgniter\Database\BaseConnection->simpleQuery('INSERT INTO `us...')
#3 C:\laragon\www\gestortarefas\system\Database\BaseBuilder.php(1800): CodeIgniter\Database\BaseConnection->query('INSERT INTO `us...', NULL, false)
#4 C:\laragon\www\gestortarefas\system\Database\BaseBuilder.php(2191): CodeIgniter\Database\BaseBuilder->batchExecute('_insertBatch', 100)
#5 C:\laragon\www\gestortarefas\app\Database\Seeds\UsuariosSeeder.php(21): CodeIgniter\Database\BaseBuilder->insertBatch(Array)
#6 C:\laragon\www\gestortarefas\system\Database\Seeder.php(146): App\Database\Seeds\UsuariosSeeder->run()
#7 C:\laragon\www\gestortarefas\system\Commands\Database\Seed.php(77): CodeIgniter\Database\Seeder->call('App\\Database\\Se...')
#8 C:\laragon\www\gestortarefas\system\CLI\Commands.php(65): CodeIgniter\Commands\Database\Seed->run(Array)
#9 C:\laragon\www\gestortarefas\system\CLI\Console.php(37): CodeIgniter\CLI\Commands->run('db:seed', Array)
#10 C:\laragon\www\gestortarefas\spark(102): CodeIgniter\CLI\Console->run()
#11 {main}
ERROR - 2023-09-22 16:22:11 --> mysqli_sql_exception: Duplicate entry '0' for key 'tasks.PRIMARY' in C:\laragon\www\gestortarefas\system\Database\MySQLi\Connection.php:306
Stack trace:
#0 C:\laragon\www\gestortarefas\system\Database\MySQLi\Connection.php(306): mysqli->query('INSERT INTO `ta...', 0)
#1 C:\laragon\www\gestortarefas\system\Database\BaseConnection.php(692): CodeIgniter\Database\MySQLi\Connection->execute('INSERT INTO `ta...')
#2 C:\laragon\www\gestortarefas\system\Database\BaseConnection.php(606): CodeIgniter\Database\BaseConnection->simpleQuery('INSERT INTO `ta...')
#3 C:\laragon\www\gestortarefas\system\Database\BaseBuilder.php(1800): CodeIgniter\Database\BaseConnection->query('INSERT INTO `ta...', NULL, false)
#4 C:\laragon\www\gestortarefas\system\Database\BaseBuilder.php(2191): CodeIgniter\Database\BaseBuilder->batchExecute('_insertBatch', 100)
#5 C:\laragon\www\gestortarefas\app\Database\Seeds\TasksSeeder.php(51): CodeIgniter\Database\BaseBuilder->insertBatch(Array)
#6 C:\laragon\www\gestortarefas\system\Database\Seeder.php(146): App\Database\Seeds\TasksSeeder->run()
#7 C:\laragon\www\gestortarefas\system\Commands\Database\Seed.php(77): CodeIgniter\Database\Seeder->call('App\\Database\\Se...')
#8 C:\laragon\www\gestortarefas\system\CLI\Commands.php(65): CodeIgniter\Commands\Database\Seed->run(Array)
#9 C:\laragon\www\gestortarefas\system\CLI\Console.php(37): CodeIgniter\CLI\Commands->run('db:seed', Array)
#10 C:\laragon\www\gestortarefas\spark(102): CodeIgniter\CLI\Console->run()
#11 {main}
ERROR - 2023-09-22 16:27:08 --> mysqli_sql_exception: Duplicate entry '0' for key 'tasks.PRIMARY' in C:\laragon\www\gestortarefas\system\Database\MySQLi\Connection.php:306
Stack trace:
#0 C:\laragon\www\gestortarefas\system\Database\MySQLi\Connection.php(306): mysqli->query('INSERT INTO `ta...', 0)
#1 C:\laragon\www\gestortarefas\system\Database\BaseConnection.php(692): CodeIgniter\Database\MySQLi\Connection->execute('INSERT INTO `ta...')
#2 C:\laragon\www\gestortarefas\system\Database\BaseConnection.php(606): CodeIgniter\Database\BaseConnection->simpleQuery('INSERT INTO `ta...')
#3 C:\laragon\www\gestortarefas\system\Database\BaseBuilder.php(1800): CodeIgniter\Database\BaseConnection->query('INSERT INTO `ta...', NULL, false)
#4 C:\laragon\www\gestortarefas\system\Database\BaseBuilder.php(2191): CodeIgniter\Database\BaseBuilder->batchExecute('_insertBatch', 100)
#5 C:\laragon\www\gestortarefas\app\Database\Seeds\TasksSeeder.php(51): CodeIgniter\Database\BaseBuilder->insertBatch(Array)
#6 C:\laragon\www\gestortarefas\system\Database\Seeder.php(146): App\Database\Seeds\TasksSeeder->run()
#7 C:\laragon\www\gestortarefas\system\Commands\Database\Seed.php(77): CodeIgniter\Database\Seeder->call('App\\Database\\Se...')
#8 C:\laragon\www\gestortarefas\system\CLI\Commands.php(65): CodeIgniter\Commands\Database\Seed->run(Array)
#9 C:\laragon\www\gestortarefas\system\CLI\Console.php(37): CodeIgniter\CLI\Commands->run('db:seed', Array)
#10 C:\laragon\www\gestortarefas\spark(102): CodeIgniter\CLI\Console->run()
#11 {main}
ERROR - 2023-09-22 16:32:47 --> mysqli_sql_exception: Duplicate entry '0' for key 'tasks.PRIMARY' in C:\laragon\www\gestortarefas\system\Database\MySQLi\Connection.php:306
Stack trace:
#0 C:\laragon\www\gestortarefas\system\Database\MySQLi\Connection.php(306): mysqli->query('INSERT INTO `ta...', 0)
#1 C:\laragon\www\gestortarefas\system\Database\BaseConnection.php(692): CodeIgniter\Database\MySQLi\Connection->execute('INSERT INTO `ta...')
#2 C:\laragon\www\gestortarefas\system\Database\BaseConnection.php(606): CodeIgniter\Database\BaseConnection->simpleQuery('INSERT INTO `ta...')
#3 C:\laragon\www\gestortarefas\system\Database\BaseBuilder.php(1800): CodeIgniter\Database\BaseConnection->query('INSERT INTO `ta...', NULL, false)
#4 C:\laragon\www\gestortarefas\system\Database\BaseBuilder.php(2191): CodeIgniter\Database\BaseBuilder->batchExecute('_insertBatch', 100)
#5 C:\laragon\www\gestortarefas\app\Database\Seeds\TasksSeeder.php(51): CodeIgniter\Database\BaseBuilder->insertBatch(Array)
#6 C:\laragon\www\gestortarefas\system\Database\Seeder.php(146): App\Database\Seeds\TasksSeeder->run()
#7 C:\laragon\www\gestortarefas\system\Commands\Database\Seed.php(77): CodeIgniter\Database\Seeder->call('App\\Database\\Se...')
#8 C:\laragon\www\gestortarefas\system\CLI\Commands.php(65): CodeIgniter\Commands\Database\Seed->run(Array)
#9 C:\laragon\www\gestortarefas\system\CLI\Console.php(37): CodeIgniter\CLI\Commands->run('db:seed', Array)
#10 C:\laragon\www\gestortarefas\spark(102): CodeIgniter\CLI\Console->run()
#11 {main}
ERROR - 2023-09-22 16:33:22 --> mysqli_sql_exception: Duplicate entry '0' for key 'tasks.PRIMARY' in C:\laragon\www\gestortarefas\system\Database\MySQLi\Connection.php:306
Stack trace:
#0 C:\laragon\www\gestortarefas\system\Database\MySQLi\Connection.php(306): mysqli->query('INSERT INTO `ta...', 0)
#1 C:\laragon\www\gestortarefas\system\Database\BaseConnection.php(692): CodeIgniter\Database\MySQLi\Connection->execute('INSERT INTO `ta...')
#2 C:\laragon\www\gestortarefas\system\Database\BaseConnection.php(606): CodeIgniter\Database\BaseConnection->simpleQuery('INSERT INTO `ta...')
#3 C:\laragon\www\gestortarefas\system\Database\BaseBuilder.php(1800): CodeIgniter\Database\BaseConnection->query('INSERT INTO `ta...', NULL, false)
#4 C:\laragon\www\gestortarefas\system\Database\BaseBuilder.php(2191): CodeIgniter\Database\BaseBuilder->batchExecute('_insertBatch', 100)
#5 C:\laragon\www\gestortarefas\app\Database\Seeds\TasksSeeder.php(51): CodeIgniter\Database\BaseBuilder->insertBatch(Array)
#6 C:\laragon\www\gestortarefas\system\Database\Seeder.php(146): App\Database\Seeds\TasksSeeder->run()
#7 C:\laragon\www\gestortarefas\system\Commands\Database\Seed.php(77): CodeIgniter\Database\Seeder->call('App\\Database\\Se...')
#8 C:\laragon\www\gestortarefas\system\CLI\Commands.php(65): CodeIgniter\Commands\Database\Seed->run(Array)
#9 C:\laragon\www\gestortarefas\system\CLI\Console.php(37): CodeIgniter\CLI\Commands->run('db:seed', Array)
#10 C:\laragon\www\gestortarefas\spark(102): CodeIgniter\CLI\Console->run()
#11 {main}
